# ETH vs BTC Stat-Arb (Rolling Beta)

- Interval: 4h
- Period: 2023-12-11 04:00:00 to 2026-03-23 12:00:00
- Aligned bars: 5001
- Static price beta: 0.3343
- Rolling beta window: 40
- Rolling beta points: 4960 (99.20% coverage)
- Last rolling beta: 1.3025
- Return correlation: 0.8107
- Mean-reversion b: -0.001238
- Mean-reversion p(one-sided): 0.046825
- Half-life (days): 559.77
- Taker fee rate used: 0.00045 (0.045%)
- Strategy total return (gross): -73.1562%
- Strategy total return (net): -76.1440%
- Strategy Sharpe(365) gross/net: -1.7686 / -1.9401
- Fee drag on ending equity: 0.0299
- Holding count: 131
- Avg holding time: 17.32 bars (69.28 hours, 2.89 days)
- Signal count: 2269
- Chart: eth_4h_rolling_beta_charts.png

## Verdict: No robust statistical-arbitrage opportunity

# ETH vs BTC Stat-Arb (Rolling Beta)

- Interval: 4h
- Period: 2023-12-11 04:00:00 to 2026-03-23 12:00:00
- Aligned bars: 5001
- Static price beta: 0.3343
- Rolling beta window: 60
- Rolling beta points: 4940 (98.80% coverage)
- Last rolling beta: 1.3960
- Return correlation: 0.8107
- Mean-reversion b: -0.001238
- Mean-reversion p(one-sided): 0.046825
- Half-life (days): 559.77
- Taker fee rate used: 0.00045 (0.045%)
- Strategy total return (gross): -71.1946%
- Strategy total return (net): -74.4008%
- Strategy Sharpe(365) gross/net: -1.6749 / -1.8472
- Fee drag on ending equity: 0.0321
- Holding count: 131
- Avg holding time: 17.32 bars (69.28 hours, 2.89 days)
- Signal count: 2269
- Chart: eth_4h_rolling_beta_charts.png

## Verdict: No robust statistical-arbitrage opportunity

# ETH vs BTC Stat-Arb (Rolling Beta)

- Interval: 4h
- Period: 2023-12-11 04:00:00 to 2026-03-23 12:00:00
- Aligned bars: 5001
- Static price beta: 0.3343
- Rolling beta window: 90
- Rolling beta points: 4910 (98.20% coverage)
- Last rolling beta: 1.2577
- Return correlation: 0.8107
- Mean-reversion b: -0.001238
- Mean-reversion p(one-sided): 0.046825
- Half-life (days): 559.77
- Taker fee rate used: 0.00045 (0.045%)
- Strategy total return (gross): -71.2069%
- Strategy total return (net): -74.4118%
- Strategy Sharpe(365) gross/net: -1.6835 / -1.8564
- Fee drag on ending equity: 0.0320
- Holding count: 131
- Avg holding time: 17.32 bars (69.28 hours, 2.89 days)
- Signal count: 2269
- Chart: eth_4h_rolling_beta_charts.png

## Verdict: No robust statistical-arbitrage opportunity

# ETH vs BTC Stat-Arb (Rolling Beta)

- Interval: 4h
- Period: 2023-12-11 04:00:00 to 2026-03-23 12:00:00
- Aligned bars: 5001
- Static price beta: 0.3343
- Rolling beta window: 120
- Rolling beta points: 4880 (97.60% coverage)
- Last rolling beta: 1.2444
- Return correlation: 0.8107
- Mean-reversion b: -0.001238
- Mean-reversion p(one-sided): 0.046825
- Half-life (days): 559.77
- Taker fee rate used: 0.00045 (0.045%)
- Strategy total return (gross): -71.5954%
- Strategy total return (net): -74.7570%
- Strategy Sharpe(365) gross/net: -1.6995 / -1.8721
- Fee drag on ending equity: 0.0316
- Holding count: 131
- Avg holding time: 17.32 bars (69.28 hours, 2.89 days)
- Signal count: 2269
- Chart: eth_4h_rolling_beta_charts.png

## Verdict: No robust statistical-arbitrage opportunity

wrote /Users/leeisaackaiyui/Desktop/backtest/eth_btc_stat_arb/grid_4h_beta_windows_oos.csv
wrote /Users/leeisaackaiyui/Desktop/backtest/eth_btc_stat_arb/grid_4h_beta_windows_oos.md
best_window 60
